<?xml version="1.0" encoding="UTF-8"?>
<!-- Generated by org.testng.reporters.JUnitXMLReporter -->
<testsuite ignored="4" hostname="Anvitha" failures="0" tests="6" name="Test" time="0.226" errors="0" timestamp="2025-08-10T23:18:39 IST">
  <testcase classname="test.java.tests.BaseTest" name="@BeforeMethod setupDriver" time="0.095">
    <failure type="java.lang.NullPointerException" message="Cannot invoke &amp;quot;java.util.Properties.getProperty(String, String)&amp;quot; because &amp;quot;main.java.utils.ConfigReader.properties&amp;quot; is null">
      <![CDATA[java.lang.NullPointerException: Cannot invoke "java.util.Properties.getProperty(String, String)" because "main.java.utils.ConfigReader.properties" is null
at main.java.utils.ConfigReader.getOrDefault(ConfigReader.java:30)
at test.java.tests.BaseTest.setupDriver(BaseTest.java:33)
at java.base/java.util.ArrayList.forEach(ArrayList.java:1511)
... Removed 31 stack frames]]>
    </failure>
  </testcase> <!-- @BeforeMethod setupDriver -->
  <testcase classname="test.java.tests.AddToCartTests" name="@BeforeMethod login" time="0.0">
    <skipped/>
  </testcase> <!-- @BeforeMethod login -->
  <testcase classname="test.java.tests.BaseTest" name="@AfterMethod quitDriver" time="0.0">
    <skipped/>
  </testcase> <!-- @AfterMethod quitDriver -->
  <testcase classname="test.java.tests.BaseTest" name="@BeforeMethod setupDriver" time="0.0">
    <skipped/>
  </testcase> <!-- @BeforeMethod setupDriver -->
  <testcase classname="test.java.tests.AddToCartTests" name="@BeforeMethod login" time="0.0">
    <skipped/>
  </testcase> <!-- @BeforeMethod login -->
  <testcase classname="test.java.tests.BaseTest" name="@AfterMethod quitDriver" time="0.0">
    <skipped/>
  </testcase> <!-- @AfterMethod quitDriver -->
  <testcase classname="test.java.tests.BaseTest" name="@BeforeMethod setupDriver" time="0.0">
    <skipped/>
  </testcase> <!-- @BeforeMethod setupDriver -->
  <testcase classname="test.java.tests.AddToCartTests" name="@BeforeMethod login" time="0.0">
    <skipped/>
  </testcase> <!-- @BeforeMethod login -->
  <testcase classname="test.java.tests.BaseTest" name="@AfterMethod quitDriver" time="0.0">
    <skipped/>
  </testcase> <!-- @AfterMethod quitDriver -->
  <testcase classname="test.java.tests.BaseTest" name="@BeforeMethod setupDriver" time="0.001">
    <failure type="java.lang.NullPointerException" message="Cannot invoke &amp;quot;java.util.Properties.getProperty(String, String)&amp;quot; because &amp;quot;main.java.utils.ConfigReader.properties&amp;quot; is null">
      <![CDATA[java.lang.NullPointerException: Cannot invoke "java.util.Properties.getProperty(String, String)" because "main.java.utils.ConfigReader.properties" is null
at main.java.utils.ConfigReader.getOrDefault(ConfigReader.java:30)
at test.java.tests.BaseTest.setupDriver(BaseTest.java:33)
at java.base/java.util.ArrayList.forEach(ArrayList.java:1511)
... Removed 31 stack frames]]>
    </failure>
  </testcase> <!-- @BeforeMethod setupDriver -->
  <testcase classname="test.java.tests.BaseTest" name="@AfterMethod quitDriver" time="0.0">
    <skipped/>
  </testcase> <!-- @AfterMethod quitDriver -->
  <testcase classname="test.java.tests.BaseTest" name="@BeforeMethod setupDriver" time="0.001">
    <failure type="java.lang.NullPointerException" message="Cannot invoke &amp;quot;java.util.Properties.getProperty(String, String)&amp;quot; because &amp;quot;main.java.utils.ConfigReader.properties&amp;quot; is null">
      <![CDATA[java.lang.NullPointerException: Cannot invoke "java.util.Properties.getProperty(String, String)" because "main.java.utils.ConfigReader.properties" is null
at main.java.utils.ConfigReader.getOrDefault(ConfigReader.java:30)
at test.java.tests.BaseTest.setupDriver(BaseTest.java:33)
at java.base/java.util.ArrayList.forEach(ArrayList.java:1511)
... Removed 31 stack frames]]>
    </failure>
  </testcase> <!-- @BeforeMethod setupDriver -->
  <testcase classname="test.java.tests.CheckoutTests" name="@BeforeMethod login" time="0.0">
    <skipped/>
  </testcase> <!-- @BeforeMethod login -->
  <testcase classname="test.java.tests.BaseTest" name="@AfterMethod quitDriver" time="0.0">
    <skipped/>
  </testcase> <!-- @AfterMethod quitDriver -->
  <testcase classname="test.java.tests.BaseTest" name="@BeforeMethod setupDriver" time="0.0">
    <skipped/>
  </testcase> <!-- @BeforeMethod setupDriver -->
  <testcase classname="test.java.tests.CheckoutTests" name="@BeforeMethod login" time="0.0">
    <skipped/>
  </testcase> <!-- @BeforeMethod login -->
  <testcase classname="test.java.tests.BaseTest" name="@AfterMethod quitDriver" time="0.0">
    <skipped/>
  </testcase> <!-- @AfterMethod quitDriver -->
  <testcase classname="test.java.tests.AddToCartTests" name="addMultipleItemsToCartAndVerifyCount" time="0.0">
    <skipped/>
  </testcase> <!-- addMultipleItemsToCartAndVerifyCount -->
  <testcase classname="test.java.tests.AddToCartTests" name="addSingleItemToCart" time="0.0">
    <skipped/>
  </testcase> <!-- addSingleItemToCart -->
  <testcase classname="test.java.tests.AddToCartTests" name="removeItemFromCart" time="0.001">
    <skipped/>
  </testcase> <!-- removeItemFromCart -->
  <testcase classname="test.java.tests.LoginTests" name="loginWithValidCredentials" time="0.0">
    <skipped/>
  </testcase> <!-- loginWithValidCredentials -->
  <testcase classname="test.java.tests.CheckoutTests" name="checkoutWithoutAddingItems" time="0.0">
    <skipped/>
  </testcase> <!-- checkoutWithoutAddingItems -->
  <testcase classname="test.java.tests.CheckoutTests" name="placeOrderWithValidDetails" time="0.0">
    <skipped/>
  </testcase> <!-- placeOrderWithValidDetails -->
  <testcase classname="test.java.tests.BaseTest" name="@BeforeSuite setupExtent" time="0.0">
    <ignored/>
  </testcase> <!-- @BeforeSuite setupExtent -->
  <testcase classname="test.java.tests.BaseTest" name="@AfterSuite tearDownExtent" time="0.0">
    <ignored/>
  </testcase> <!-- @AfterSuite tearDownExtent -->
  <testcase classname="test.java.tests.BaseTest" name="@BeforeSuite setupExtent" time="0.0">
    <ignored/>
  </testcase> <!-- @BeforeSuite setupExtent -->
  <testcase classname="test.java.tests.BaseTest" name="@AfterSuite tearDownExtent" time="0.0">
    <ignored/>
  </testcase> <!-- @AfterSuite tearDownExtent -->
</testsuite> <!-- Test -->
